<?xml version="1.0" encoding="UTF-8"?>
<testng-results ignored="0" total="1" passed="1" failed="0" skipped="0">
  <reporter-output>
  </reporter-output>
  <suite started-at="2022-06-19T22:14:24 IST" name="Default suite" finished-at="2022-06-19T22:16:50 IST" duration-ms="146654">
    <groups>
      <group name="cucumber">
        <method signature="AbstractTestNGCucumberTests.runScenario(cucumber.api.testng.PickleEventWrapper,cucumber.api.testng.CucumberFeatureWrapper)[pri:0, instance:runner.TestRunner@73e22a3d]" name="runScenario" class="cucumber.api.testng.AbstractTestNGCucumberTests"/>
      </group> <!-- cucumber -->
    </groups>
    <test started-at="2022-06-19T22:14:24 IST" name="Default test" finished-at="2022-06-19T22:16:50 IST" duration-ms="146654">
      <class name="runner.TestRunner">
        <test-method is-config="true" signature="setUpClass()[pri:0, instance:runner.TestRunner@73e22a3d]" started-at="2022-06-19T22:14:24 IST" name="setUpClass" finished-at="2022-06-19T22:14:24 IST" duration-ms="141" status="PASS">
          <reporter-output>
          </reporter-output>
        </test-method> <!-- setUpClass -->
        <test-method signature="runScenario(cucumber.api.testng.PickleEventWrapper,cucumber.api.testng.CucumberFeatureWrapper)[pri:0, instance:runner.TestRunner@73e22a3d]" started-at="2022-06-19T22:14:24 IST" name="runScenario" description="Runs Cucumber Scenarios" data-provider="scenarios" finished-at="2022-06-19T22:16:50 IST" duration-ms="146317" status="PASS">
          <params>
            <param index="0">
              <value>
                <![CDATA["Login in to Amazon Application"]]>
              </value>
            </param>
            <param index="1">
              <value>
                <![CDATA["Amazon Login Functionality"]]>
              </value>
            </param>
          </params>
          <reporter-output>
          </reporter-output>
        </test-method> <!-- runScenario -->
        <test-method is-config="true" signature="tearDownClass()[pri:0, instance:runner.TestRunner@73e22a3d]" started-at="2022-06-19T22:16:50 IST" name="tearDownClass" finished-at="2022-06-19T22:16:50 IST" duration-ms="81" status="PASS">
          <reporter-output>
          </reporter-output>
        </test-method> <!-- tearDownClass -->
      </class> <!-- runner.TestRunner -->
    </test> <!-- Default test -->
  </suite> <!-- Default suite -->
</testng-results>
